-------------------------------------------------------------------------------
Test set: tek.sdet.framework.runner.TestRunner
-------------------------------------------------------------------------------
Tests run: 5, Failures: 0, Errors: 5, Skipped: 0, Time elapsed: 1.055 s <<< FAILURE! - in tek.sdet.framework.runner.TestRunner
Retail Page application.Verify department sidebar options #1  Time elapsed: 0.187 s  <<< ERROR!
io.cucumber.junit.UndefinedStepException: 
The step 'user is on retail website' is undefined.
You can implement this step using the snippet(s) below:

@Given("user is on retail website")
public void userIsOnRetailWebsite() {
    // Write code here that turns the phrase above into concrete actions
    throw new io.cucumber.java.PendingException();
}


Retail Page application.Verify department sidebar options #2  Time elapsed: 0.018 s  <<< ERROR!
io.cucumber.junit.UndefinedStepException: 
The step 'user is on retail website' is undefined.
You can implement this step using the snippet(s) below:

@Given("user is on retail website")
public void userIsOnRetailWebsite() {
    // Write code here that turns the phrase above into concrete actions
    throw new io.cucumber.java.PendingException();
}


Retail Page application.Verify department sidebar options #3  Time elapsed: 0.029 s  <<< ERROR!
io.cucumber.junit.UndefinedStepException: 
The step 'user is on retail website' is undefined.
You can implement this step using the snippet(s) below:

@Given("user is on retail website")
public void userIsOnRetailWebsite() {
    // Write code here that turns the phrase above into concrete actions
    throw new io.cucumber.java.PendingException();
}


Retail Page application.Verify department sidebar options #4  Time elapsed: 0.017 s  <<< ERROR!
io.cucumber.junit.UndefinedStepException: 
The step 'user is on retail website' is undefined.
You can implement this step using the snippet(s) below:

@Given("user is on retail website")
public void userIsOnRetailWebsite() {
    // Write code here that turns the phrase above into concrete actions
    throw new io.cucumber.java.PendingException();
}


Retail Page application.Verify department sidebar options #5  Time elapsed: 0.012 s  <<< ERROR!
io.cucumber.junit.UndefinedStepException: 
The step 'user is on retail website' is undefined.
You can implement this step using the snippet(s) below:

@Given("user is on retail website")
public void userIsOnRetailWebsite() {
    // Write code here that turns the phrase above into concrete actions
    throw new io.cucumber.java.PendingException();
}


